<?xml version="1.0" encoding="UTF-8"?>
<!-- Generated by org.testng.reporters.JUnitReportReporter -->
<testsuite skipped="0" hostname="Ashwini" name="somepkg.OpenBrowser" tests="1" failures="0" timestamp="09 Oct 2018 05:44:09 GMT" time="19.454" errors="0">
  <testcase name="openB" time="19.454" classname="somepkg.OpenBrowser"/>
</testsuite> <!-- somepkg.OpenBrowser -->
