<?xml version="1.0" encoding="UTF-8"?>
<!-- Generated by org.testng.reporters.JUnitReportReporter -->
<testsuite skipped="0" hostname="Ashwini" name="OpenBrowser" tests="1" failures="0" timestamp="25 Sep 2018 11:03:03 GMT" time="11.406" errors="0">
  <testcase name="openB" time="11.406" classname="OpenBrowser"/>
</testsuite> <!-- OpenBrowser -->
