<?xml version="1.0" encoding="UTF-8"?>
<!-- Generated by org.testng.reporters.JUnitReportReporter -->
<testsuite skipped="0" hostname="Ashwini" name="somepkg.OpenBrowser" tests="1" failures="0" timestamp="09 Oct 2018 05:54:19 GMT" time="22.375" errors="0">
  <testcase name="openB" time="22.375" classname="somepkg.OpenBrowser"/>
</testsuite> <!-- somepkg.OpenBrowser -->
