<?xml version="1.0" encoding="UTF-8"?>
<!-- Generated by org.testng.reporters.JUnitReportReporter -->
<testsuite skipped="0" hostname="Ashwini" name="somepkg.OpenBrowser" tests="1" failures="0" timestamp="03 Oct 2018 10:32:41 GMT" time="9.312" errors="0">
  <testcase name="openB" time="9.312" classname="somepkg.OpenBrowser"/>
</testsuite> <!-- somepkg.OpenBrowser -->
