<?xml version="1.0" encoding="UTF-8"?>
<!-- Generated by org.testng.reporters.JUnitReportReporter -->
<testsuite skipped="0" hostname="Ashwini" name="somepkg.OpenBrowser" tests="1" failures="0" timestamp="11 Oct 2018 09:26:37 GMT" time="21.948" errors="0">
  <testcase name="openB" time="21.948" classname="somepkg.OpenBrowser"/>
</testsuite> <!-- somepkg.OpenBrowser -->
