<?xml version="1.0" encoding="UTF-8"?>
<!-- Generated by org.testng.reporters.JUnitReportReporter -->
<testsuite skipped="0" hostname="Ashwini" name="somepkg.OpenBrowser" tests="1" failures="0" timestamp="10 Oct 2018 10:53:43 GMT" time="38.193" errors="0">
  <testcase name="openB" time="38.193" classname="somepkg.OpenBrowser"/>
</testsuite> <!-- somepkg.OpenBrowser -->
